[     6.987] (--) Log file renamed from "/home/berry/.local/share/xorg/Xorg.pid-862.log" to "/home/berry/.local/share/xorg/Xorg.0.log"
[     6.988] 
X.Org X Server 1.20.13
X Protocol Version 11, Revision 0
[     6.988] Build Operating System: linux Ubuntu
[     6.988] Current Operating System: Linux berry-VirtualBox 5.13.0-39-generic #44~20.04.1-Ubuntu SMP Thu Mar 24 16:43:35 UTC 2022 x86_64
[     6.988] Kernel command line: BOOT_IMAGE=/boot/vmlinuz-5.13.0-39-generic root=UUID=bd5ef158-a441-4d42-8657-a9f753d82741 ro quiet splash
[     6.988] Build Date: 14 December 2021  02:14:13PM
[     6.988] xorg-server 2:1.20.13-1ubuntu1~20.04.2 (For technical support please see http://www.ubuntu.com/support) 
[     6.988] Current version of pixman: 0.38.4
[     6.988] 	Before reporting problems, check http://wiki.x.org
	to make sure that you have the latest version.
[     6.988] Markers: (--) probed, (**) from config file, (==) default setting,
	(++) from command line, (!!) notice, (II) informational,
	(WW) warning, (EE) error, (NI) not implemented, (??) unknown.
[     6.988] (==) Log file: "/home/berry/.local/share/xorg/Xorg.0.log", Time: Fri Apr 22 16:59:10 2022
[     6.989] (==) Using system config directory "/usr/share/X11/xorg.conf.d"
[     6.990] (==) No Layout section.  Using the first Screen section.
[     6.990] (==) No screen section available. Using defaults.
[     6.990] (**) |-->Screen "Default Screen Section" (0)
[     6.990] (**) |   |-->Monitor "<default monitor>"
[     6.991] (==) No monitor specified for screen "Default Screen Section".
	Using a default monitor configuration.
[     6.991] (==) Automatically adding devices
[     6.991] (==) Automatically enabling devices
[     6.991] (==) Automatically adding GPU devices
[     6.991] (==) Automatically binding GPU devices
[     6.991] (==) Max clients allowed: 256, resource mask: 0x1fffff
[     6.993] (WW) The directory "/usr/share/fonts/X11/cyrillic" does not exist.
[     6.993] 	Entry deleted from font path.
[     6.993] (WW) The directory "/usr/share/fonts/X11/100dpi/" does not exist.
[     6.993] 	Entry deleted from font path.
[     6.993] (WW) The directory "/usr/share/fonts/X11/75dpi/" does not exist.
[     6.993] 	Entry deleted from font path.
[     6.994] (WW) The directory "/usr/share/fonts/X11/100dpi" does not exist.
[     6.994] 	Entry deleted from font path.
[     6.994] (WW) The directory "/usr/share/fonts/X11/75dpi" does not exist.
[     6.994] 	Entry deleted from font path.
[     6.994] (==) FontPath set to:
	/usr/share/fonts/X11/misc,
	/usr/share/fonts/X11/Type1,
	built-ins
[     6.994] (==) ModulePath set to "/usr/lib/xorg/modules"
[     6.994] (II) The server relies on udev to provide the list of input devices.
	If no devices become available, reconfigure udev or disable AutoAddDevices.
[     6.994] (II) Loader magic: 0x558113cb6020
[     6.994] (II) Module ABI versions:
[     6.994] 	X.Org ANSI C Emulation: 0.4
[     6.994] 	X.Org Video Driver: 24.1
[     6.994] 	X.Org XInput driver : 24.1
[     6.994] 	X.Org Server Extension : 10.0
[     6.994] (++) using VT number 2

[     6.996] (II) systemd-logind: took control of session /org/freedesktop/login1/session/_31
[     6.996] (II) xfree86: Adding drm device (/dev/dri/card0)
[     6.996] (II) systemd-logind: got fd for /dev/dri/card0 226:0 fd 12 paused 0
[     6.997] (--) PCI:*(0@0:2:0) 80ee:beef:0000:0000 rev 0, Mem @ 0xe0000000/16777216, BIOS @ 0x????????/131072
[     6.998] (II) LoadModule: "glx"
[     6.998] (II) Loading /usr/lib/xorg/modules/extensions/libglx.so
[     7.005] (II) Module glx: vendor="X.Org Foundation"
[     7.005] 	compiled for 1.20.13, module version = 1.0.0
[     7.005] 	ABI class: X.Org Server Extension, version 10.0
[     7.005] (==) Matched vboxvideo as autoconfigured driver 0
[     7.005] (==) Matched modesetting as autoconfigured driver 1
[     7.005] (==) Matched fbdev as autoconfigured driver 2
[     7.005] (==) Matched vesa as autoconfigured driver 3
[     7.005] (==) Assigned the driver to the xf86ConfigLayout
[     7.005] (II) LoadModule: "vboxvideo"
[     7.005] (WW) Warning, couldn't open module vboxvideo
[     7.005] (EE) Failed to load module "vboxvideo" (module does not exist, 0)
[     7.005] (II) LoadModule: "modesetting"
[     7.005] (II) Loading /usr/lib/xorg/modules/drivers/modesetting_drv.so
[     7.006] (II) Module modesetting: vendor="X.Org Foundation"
[     7.006] 	compiled for 1.20.13, module version = 1.20.13
[     7.006] 	Module class: X.Org Video Driver
[     7.006] 	ABI class: X.Org Video Driver, version 24.1
[     7.006] (II) LoadModule: "fbdev"
[     7.006] (II) Loading /usr/lib/xorg/modules/drivers/fbdev_drv.so
[     7.007] (II) Module fbdev: vendor="X.Org Foundation"
[     7.007] 	compiled for 1.20.1, module version = 0.5.0
[     7.007] 	Module class: X.Org Video Driver
[     7.007] 	ABI class: X.Org Video Driver, version 24.0
[     7.007] (II) LoadModule: "vesa"
[     7.007] (II) Loading /usr/lib/xorg/modules/drivers/vesa_drv.so
[     7.008] (II) Module vesa: vendor="X.Org Foundation"
[     7.008] 	compiled for 1.20.4, module version = 2.4.0
[     7.008] 	Module class: X.Org Video Driver
[     7.008] 	ABI class: X.Org Video Driver, version 24.0
[     7.008] (==) Matched vboxvideo as autoconfigured driver 0
[     7.008] (==) Matched modesetting as autoconfigured driver 1
[     7.008] (==) Matched fbdev as autoconfigured driver 2
[     7.008] (==) Matched vesa as autoconfigured driver 3
[     7.008] (==) Assigned the driver to the xf86ConfigLayout
[     7.008] (II) LoadModule: "vboxvideo"
[     7.008] (WW) Warning, couldn't open module vboxvideo
[     7.008] (EE) Failed to load module "vboxvideo" (module does not exist, 0)
[     7.008] (II) LoadModule: "modesetting"
[     7.008] (II) Loading /usr/lib/xorg/modules/drivers/modesetting_drv.so
[     7.008] (II) Module modesetting: vendor="X.Org Foundation"
[     7.008] 	compiled for 1.20.13, module version = 1.20.13
[     7.008] 	Module class: X.Org Video Driver
[     7.008] 	ABI class: X.Org Video Driver, version 24.1
[     7.008] (II) UnloadModule: "modesetting"
[     7.008] (II) Unloading modesetting
[     7.008] (II) Failed to load module "modesetting" (already loaded, 0)
[     7.008] (II) LoadModule: "fbdev"
[     7.008] (II) Loading /usr/lib/xorg/modules/drivers/fbdev_drv.so
[     7.008] (II) Module fbdev: vendor="X.Org Foundation"
[     7.008] 	compiled for 1.20.1, module version = 0.5.0
[     7.008] 	Module class: X.Org Video Driver
[     7.008] 	ABI class: X.Org Video Driver, version 24.0
[     7.008] (II) UnloadModule: "fbdev"
[     7.008] (II) Unloading fbdev
[     7.008] (II) Failed to load module "fbdev" (already loaded, 0)
[     7.008] (II) LoadModule: "vesa"
[     7.008] (II) Loading /usr/lib/xorg/modules/drivers/vesa_drv.so
[     7.008] (II) Module vesa: vendor="X.Org Foundation"
[     7.008] 	compiled for 1.20.4, module version = 2.4.0
[     7.008] 	Module class: X.Org Video Driver
[     7.008] 	ABI class: X.Org Video Driver, version 24.0
[     7.008] (II) UnloadModule: "vesa"
[     7.008] (II) Unloading vesa
[     7.008] (II) Failed to load module "vesa" (already loaded, 0)
[     7.008] (II) modesetting: Driver for Modesetting Kernel Drivers: kms
[     7.008] (II) FBDEV: driver for framebuffer: fbdev
[     7.008] (II) VESA: driver for VESA chipsets: vesa
[     7.008] xf86EnableIOPorts: failed to set IOPL for I/O (Operation not permitted)
[     7.008] (II) modeset(0): using drv /dev/dri/card0
[     7.008] (WW) Falling back to old probe method for fbdev
[     7.008] (II) Loading sub module "fbdevhw"
[     7.008] (II) LoadModule: "fbdevhw"
[     7.008] (II) Loading /usr/lib/xorg/modules/libfbdevhw.so
[     7.009] (II) Module fbdevhw: vendor="X.Org Foundation"
[     7.009] 	compiled for 1.20.13, module version = 0.0.2
[     7.009] 	ABI class: X.Org Video Driver, version 24.1
[     7.009] (EE) open /dev/fb0: Permission denied
[     7.009] (WW) VGA arbiter: cannot open kernel arbiter, no multi-card support
[     7.009] (II) modeset(0): Creating default Display subsection in Screen section
	"Default Screen Section" for depth/fbbpp 24/32
[     7.009] (==) modeset(0): Depth 24, (==) framebuffer bpp 32
[     7.009] (==) modeset(0): RGB weight 888
[     7.009] (==) modeset(0): Default visual is TrueColor
[     7.009] (II) Loading sub module "glamoregl"
[     7.009] (II) LoadModule: "glamoregl"
[     7.009] (II) Loading /usr/lib/xorg/modules/libglamoregl.so
[     7.015] (II) Module glamoregl: vendor="X.Org Foundation"
[     7.015] 	compiled for 1.20.13, module version = 1.0.1
[     7.015] 	ABI class: X.Org ANSI C Emulation, version 0.4
[     7.193] (II) modeset(0): Refusing to try glamor on llvmpipe
[     7.195] (EE) modeset(0): glamor initialization failed
[     7.195] (II) modeset(0): ShadowFB: preferred NO, enabled NO
[     7.195] (II) modeset(0): Output VGA-1 has no monitor section
[     7.195] (II) modeset(0): EDID for output VGA-1
[     7.195] (II) modeset(0): Manufacturer: VBX  Model: 0  Serial#: 31457920
[     7.195] (II) modeset(0): Year: 1990  Week: 1
[     7.195] (II) modeset(0): EDID Version: 1.3
[     7.195] (II) modeset(0): Digital Display Input
[     7.195] (II) modeset(0): Indeterminate output size
[     7.195] (II) modeset(0): Gamma: 2.20
[     7.195] (II) modeset(0): DPMS capabilities: StandBy Suspend Off
[     7.195] (II) modeset(0): Supported color encodings: RGB 4:4:4 YCrCb 4:4:4 
[     7.195] (II) modeset(0): Default color space is primary color space
[     7.195] (II) modeset(0): First detailed timing is preferred mode
[     7.195] (II) modeset(0): redX: 0.640 redY: 0.330   greenX: 0.300 greenY: 0.600
[     7.195] (II) modeset(0): blueX: 0.150 blueY: 0.060   whiteX: 0.312 whiteY: 0.329
[     7.195] (II) modeset(0): Manufacturer's mask: 0
[     7.195] (II) modeset(0): Supported detailed timing:
[     7.195] (II) modeset(0): clock: 18.8 MHz   Image Size:  0 x 0 mm
[     7.195] (II) modeset(0): h_active: 640  h_sync: 642  h_sync_end 644 h_blank_end 646 h_border: 0
[     7.195] (II) modeset(0): v_active: 480  v_sync: 480  v_sync_end 514 v_blanking: 486 v_border: 0
[     7.195] (II) modeset(0): Ranges: V min: 0 V max: 200 Hz, H min: 0 H max: 200 kHz, PixClock max 1005 MHz
[     7.195] (II) modeset(0): Monitor name: VBOX monitor
[     7.195] (II) modeset(0): EDID (in hex):
[     7.195] (II) modeset(0): 	00ffffffffffff00585800008002e001
[     7.195] (II) modeset(0): 	0100010380000078eeee91a3544c9926
[     7.195] (II) modeset(0): 	0f505400000001010101010101010101
[     7.195] (II) modeset(0): 	0101010101015b07800620e006100202
[     7.195] (II) modeset(0): 	0202000000000000000000fd0000c800
[     7.195] (II) modeset(0): 	c864000a202020202020000000fc0056
[     7.195] (II) modeset(0): 	424f58206d6f6e69746f720a00000010
[     7.195] (II) modeset(0): 	000a20202020202020202020202000fc
[     7.195] (II) modeset(0): Printing probed modes for output VGA-1
[     7.195] (II) modeset(0): Modeline "640x480"x59.9   23.98  640 664 720 800  480 483 487 500 -hsync +vsync (30.0 kHz P)
[     7.195] (II) modeset(0): Modeline "2560x1600"x60.0  348.50  2560 2752 3032 3504  1600 1603 1609 1658 -hsync +vsync (99.5 kHz e)
[     7.195] (II) modeset(0): Modeline "2560x1600"x60.0  268.50  2560 2608 2640 2720  1600 1603 1609 1646 +hsync -vsync (98.7 kHz e)
[     7.195] (II) modeset(0): Modeline "1920x1440"x60.0  234.00  1920 2048 2256 2600  1440 1441 1444 1500 -hsync +vsync (90.0 kHz e)
[     7.195] (II) modeset(0): Modeline "1856x1392"x60.0  218.25  1856 1952 2176 2528  1392 1393 1396 1439 -hsync +vsync (86.3 kHz e)
[     7.195] (II) modeset(0): Modeline "1792x1344"x60.0  204.75  1792 1920 2120 2448  1344 1345 1348 1394 -hsync +vsync (83.6 kHz e)
[     7.195] (II) modeset(0): Modeline "2048x1152"x60.0  162.00  2048 2074 2154 2250  1152 1153 1156 1200 +hsync +vsync (72.0 kHz e)
[     7.195] (II) modeset(0): Modeline "1920x1200"x59.9  193.25  1920 2056 2256 2592  1200 1203 1209 1245 -hsync +vsync (74.6 kHz e)
[     7.195] (II) modeset(0): Modeline "1920x1200"x60.0  154.00  1920 1968 2000 2080  1200 1203 1209 1235 +hsync -vsync (74.0 kHz e)
[     7.195] (II) modeset(0): Modeline "1920x1080"x60.0  148.50  1920 2008 2052 2200  1080 1084 1089 1125 -hsync -vsync (67.5 kHz e)
[     7.195] (II) modeset(0): Modeline "1600x1200"x60.0  162.00  1600 1664 1856 2160  1200 1201 1204 1250 +hsync +vsync (75.0 kHz e)
[     7.195] (II) modeset(0): Modeline "1680x1050"x60.0  146.25  1680 1784 1960 2240  1050 1053 1059 1089 -hsync +vsync (65.3 kHz e)
[     7.195] (II) modeset(0): Modeline "1680x1050"x59.9  119.00  1680 1728 1760 1840  1050 1053 1059 1080 +hsync -vsync (64.7 kHz e)
[     7.195] (II) modeset(0): Modeline "1400x1050"x60.0  121.75  1400 1488 1632 1864  1050 1053 1057 1089 -hsync +vsync (65.3 kHz e)
[     7.195] (II) modeset(0): Modeline "1400x1050"x59.9  101.00  1400 1448 1480 1560  1050 1053 1057 1080 +hsync -vsync (64.7 kHz e)
[     7.195] (II) modeset(0): Modeline "1600x900"x60.0  108.00  1600 1624 1704 1800  900 901 904 1000 +hsync +vsync (60.0 kHz e)
[     7.195] (II) modeset(0): Modeline "1280x1024"x60.0  108.00  1280 1328 1440 1688  1024 1025 1028 1066 +hsync +vsync (64.0 kHz e)
[     7.195] (II) modeset(0): Modeline "1440x900"x59.9  106.50  1440 1520 1672 1904  900 903 909 934 -hsync +vsync (55.9 kHz e)
[     7.195] (II) modeset(0): Modeline "1440x900"x59.9   88.75  1440 1488 1520 1600  900 903 909 926 +hsync -vsync (55.5 kHz e)
[     7.195] (II) modeset(0): Modeline "1280x960"x60.0  108.00  1280 1376 1488 1800  960 961 964 1000 +hsync +vsync (60.0 kHz e)
[     7.195] (II) modeset(0): Modeline "1366x768"x59.8   85.50  1366 1436 1579 1792  768 771 774 798 +hsync +vsync (47.7 kHz e)
[     7.195] (II) modeset(0): Modeline "1366x768"x60.0   72.00  1366 1380 1436 1500  768 769 772 800 +hsync +vsync (48.0 kHz e)
[     7.195] (II) modeset(0): Modeline "1360x768"x60.0   85.50  1360 1424 1536 1792  768 771 777 795 +hsync +vsync (47.7 kHz e)
[     7.195] (II) modeset(0): Modeline "1280x800"x59.8   83.50  1280 1352 1480 1680  800 803 809 831 -hsync +vsync (49.7 kHz e)
[     7.195] (II) modeset(0): Modeline "1280x800"x59.9   71.00  1280 1328 1360 1440  800 803 809 823 +hsync -vsync (49.3 kHz e)
[     7.195] (II) modeset(0): Modeline "1280x768"x59.9   79.50  1280 1344 1472 1664  768 771 778 798 -hsync +vsync (47.8 kHz e)
[     7.195] (II) modeset(0): Modeline "1280x768"x60.0   68.25  1280 1328 1360 1440  768 771 778 790 +hsync -vsync (47.4 kHz e)
[     7.195] (II) modeset(0): Modeline "1280x720"x60.0   74.25  1280 1390 1430 1650  720 725 730 750 +hsync +vsync (45.0 kHz e)
[     7.195] (II) modeset(0): Modeline "1024x768"x60.0   65.00  1024 1048 1184 1344  768 771 777 806 -hsync -vsync (48.4 kHz e)
[     7.195] (II) modeset(0): Modeline "800x600"x60.3   40.00  800 840 968 1056  600 601 605 628 +hsync +vsync (37.9 kHz e)
[     7.195] (II) modeset(0): Modeline "800x600"x56.2   36.00  800 824 896 1024  600 601 603 625 +hsync +vsync (35.2 kHz e)
[     7.195] (II) modeset(0): Modeline "848x480"x60.0   33.75  848 864 976 1088  480 486 494 517 +hsync +vsync (31.0 kHz e)
[     7.195] (II) modeset(0): Modeline "640x480"x59.9   25.18  640 656 752 800  480 490 492 525 -hsync -vsync (31.5 kHz e)
[     7.195] (II) modeset(0): Output VGA-1 connected
[     7.195] (II) modeset(0): Using exact sizes for initial modes
[     7.195] (II) modeset(0): Output VGA-1 using initial mode 640x480 +0+0
[     7.195] (==) modeset(0): Using gamma correction (1.0, 1.0, 1.0)
[     7.195] (==) modeset(0): DPI set to (96, 96)
[     7.195] (II) Loading sub module "fb"
[     7.195] (II) LoadModule: "fb"
[     7.195] (II) Loading /usr/lib/xorg/modules/libfb.so
[     7.197] (II) Module fb: vendor="X.Org Foundation"
[     7.197] 	compiled for 1.20.13, module version = 1.0.0
[     7.197] 	ABI class: X.Org ANSI C Emulation, version 0.4
[     7.197] (II) UnloadModule: "fbdev"
[     7.197] (II) Unloading fbdev
[     7.197] (II) UnloadSubModule: "fbdevhw"
[     7.197] (II) Unloading fbdevhw
[     7.197] (II) UnloadModule: "vesa"
[     7.197] (II) Unloading vesa
[     7.198] (==) modeset(0): Backing store enabled
[     7.198] (==) modeset(0): Silken mouse enabled
[     7.200] (II) modeset(0): Initializing kms color map for depth 24, 8 bpc.
[     7.200] (==) modeset(0): DPMS enabled
[     7.200] (II) Initializing extension Generic Event Extension
[     7.200] (II) Initializing extension SHAPE
[     7.200] (II) Initializing extension MIT-SHM
[     7.200] (II) Initializing extension XInputExtension
[     7.201] (II) Initializing extension XTEST
[     7.201] (II) Initializing extension BIG-REQUESTS
[     7.201] (II) Initializing extension SYNC
[     7.201] (II) Initializing extension XKEYBOARD
[     7.201] (II) Initializing extension XC-MISC
[     7.201] (II) Initializing extension SECURITY
[     7.202] (II) Initializing extension XFIXES
[     7.202] (II) Initializing extension RENDER
[     7.202] (II) Initializing extension RANDR
[     7.202] (II) Initializing extension COMPOSITE
[     7.202] (II) Initializing extension DAMAGE
[     7.202] (II) Initializing extension MIT-SCREEN-SAVER
[     7.202] (II) Initializing extension DOUBLE-BUFFER
[     7.202] (II) Initializing extension RECORD
[     7.202] (II) Initializing extension DPMS
[     7.202] (II) Initializing extension Present
[     7.202] (II) Initializing extension DRI3
[     7.202] (II) Initializing extension X-Resource
[     7.203] (II) Initializing extension XVideo
[     7.203] (II) Initializing extension XVideo-MotionCompensation
[     7.203] (II) Initializing extension SELinux
[     7.203] (II) SELinux: Disabled on system
[     7.203] (II) Initializing extension GLX
[     7.203] (II) AIGLX: Screen 0 is not DRI2 capable
[     7.209] (II) IGLX: Loaded and initialized swrast
[     7.209] (II) GLX: Initialized DRISWRAST GL provider for screen 0
[     7.209] (II) Initializing extension XFree86-VidModeExtension
[     7.209] (II) Initializing extension XFree86-DGA
[     7.209] (II) Initializing extension XFree86-DRI
[     7.209] (II) Initializing extension DRI2
[     7.209] (II) modeset(0): Damage tracking initialized
[     7.209] (II) modeset(0): Setting screen physical size to 169 x 127
[     7.243] (II) config/udev: Adding input device Power Button (/dev/input/event0)
[     7.243] (**) Power Button: Applying InputClass "libinput keyboard catchall"
[     7.243] (II) LoadModule: "libinput"
[     7.243] (II) Loading /usr/lib/xorg/modules/input/libinput_drv.so
[     7.247] (II) Module libinput: vendor="X.Org Foundation"
[     7.247] 	compiled for 1.20.4, module version = 0.29.0
[     7.247] 	Module class: X.Org XInput Driver
[     7.247] 	ABI class: X.Org XInput driver, version 24.1
[     7.247] (II) Using input driver 'libinput' for 'Power Button'
[     7.247] (II) systemd-logind: got fd for /dev/input/event0 13:64 fd 20 paused 0
[     7.247] (**) Power Button: always reports core events
[     7.247] (**) Option "Device" "/dev/input/event0"
[     7.248] (**) Option "_source" "server/udev"
[     7.255] (II) event0  - Power Button: is tagged by udev as: Keyboard
[     7.255] (II) event0  - Power Button: device is a keyboard
[     7.255] (II) event0  - Power Button: device removed
[     7.255] (**) Option "config_info" "udev:/sys/devices/LNXSYSTM:00/LNXPWRBN:00/input/input0/event0"
[     7.255] (II) XINPUT: Adding extended input device "Power Button" (type: KEYBOARD, id 6)
[     7.255] (**) Option "xkb_model" "pc105"
[     7.255] (**) Option "xkb_layout" "kr"
[     7.255] (**) Option "xkb_variant" "kr104"
[     7.267] (II) event0  - Power Button: is tagged by udev as: Keyboard
[     7.267] (II) event0  - Power Button: device is a keyboard
[     7.268] (II) config/udev: Adding input device Sleep Button (/dev/input/event1)
[     7.268] (**) Sleep Button: Applying InputClass "libinput keyboard catchall"
[     7.268] (II) Using input driver 'libinput' for 'Sleep Button'
[     7.269] (II) systemd-logind: got fd for /dev/input/event1 13:65 fd 23 paused 0
[     7.269] (**) Sleep Button: always reports core events
[     7.269] (**) Option "Device" "/dev/input/event1"
[     7.269] (**) Option "_source" "server/udev"
[     7.270] (II) event1  - Sleep Button: is tagged by udev as: Keyboard
[     7.270] (II) event1  - Sleep Button: device is a keyboard
[     7.270] (II) event1  - Sleep Button: device removed
[     7.270] (**) Option "config_info" "udev:/sys/devices/LNXSYSTM:00/LNXSLPBN:00/input/input1/event1"
[     7.270] (II) XINPUT: Adding extended input device "Sleep Button" (type: KEYBOARD, id 7)
[     7.270] (**) Option "xkb_model" "pc105"
[     7.270] (**) Option "xkb_layout" "kr"
[     7.270] (**) Option "xkb_variant" "kr104"
[     7.270] (II) event1  - Sleep Button: is tagged by udev as: Keyboard
[     7.270] (II) event1  - Sleep Button: device is a keyboard
[     7.271] (II) config/udev: Adding input device Video Bus (/dev/input/event3)
[     7.271] (**) Video Bus: Applying InputClass "libinput keyboard catchall"
[     7.271] (II) Using input driver 'libinput' for 'Video Bus'
[     7.271] (II) systemd-logind: got fd for /dev/input/event3 13:67 fd 24 paused 0
[     7.271] (**) Video Bus: always reports core events
[     7.271] (**) Option "Device" "/dev/input/event3"
[     7.271] (**) Option "_source" "server/udev"
[     7.272] (II) event3  - Video Bus: is tagged by udev as: Keyboard
[     7.272] (II) event3  - Video Bus: device is a keyboard
[     7.272] (II) event3  - Video Bus: device removed
[     7.272] (**) Option "config_info" "udev:/sys/devices/LNXSYSTM:00/LNXSYBUS:00/PNP0A03:00/LNXVIDEO:00/input/input4/event3"
[     7.272] (II) XINPUT: Adding extended input device "Video Bus" (type: KEYBOARD, id 8)
[     7.272] (**) Option "xkb_model" "pc105"
[     7.272] (**) Option "xkb_layout" "kr"
[     7.272] (**) Option "xkb_variant" "kr104"
[     7.272] (II) event3  - Video Bus: is tagged by udev as: Keyboard
[     7.272] (II) event3  - Video Bus: device is a keyboard
[     7.273] (II) config/udev: Adding input device VirtualBox mouse integration (/dev/input/event6)
[     7.273] (**) VirtualBox mouse integration: Applying InputClass "libinput pointer catchall"
[     7.273] (II) Using input driver 'libinput' for 'VirtualBox mouse integration'
[     7.273] (II) systemd-logind: got fd for /dev/input/event6 13:70 fd 25 paused 0
[     7.273] (**) VirtualBox mouse integration: always reports core events
[     7.273] (**) Option "Device" "/dev/input/event6"
[     7.273] (**) Option "_source" "server/udev"
[     7.274] (II) event6  - VirtualBox mouse integration: is tagged by udev as: Mouse
[     7.274] (II) event6  - VirtualBox mouse integration: device is a pointer
[     7.274] (II) event6  - VirtualBox mouse integration: device removed
[     7.274] (**) Option "config_info" "udev:/sys/devices/pci0000:00/0000:00:04.0/input/input7/event6"
[     7.274] (II) XINPUT: Adding extended input device "VirtualBox mouse integration" (type: MOUSE, id 9)
[     7.274] (**) Option "AccelerationScheme" "none"
[     7.274] (**) VirtualBox mouse integration: (accel) selected scheme none/0
[     7.274] (**) VirtualBox mouse integration: (accel) acceleration factor: 2.000
[     7.274] (**) VirtualBox mouse integration: (accel) acceleration threshold: 4
[     7.274] (II) event6  - VirtualBox mouse integration: is tagged by udev as: Mouse
[     7.274] (II) event6  - VirtualBox mouse integration: device is a pointer
[     7.275] (II) config/udev: Adding input device VirtualBox mouse integration (/dev/input/js1)
[     7.275] (II) No input driver specified, ignoring this device.
[     7.275] (II) This device may have been added with another device file.
[     7.275] (II) config/udev: Adding input device VirtualBox USB Tablet (/dev/input/event5)
[     7.275] (**) VirtualBox USB Tablet: Applying InputClass "libinput pointer catchall"
[     7.275] (II) Using input driver 'libinput' for 'VirtualBox USB Tablet'
[     7.334] (II) systemd-logind: got fd for /dev/input/event5 13:69 fd 26 paused 0
[     7.334] (**) VirtualBox USB Tablet: always reports core events
[     7.334] (**) Option "Device" "/dev/input/event5"
[     7.334] (**) Option "_source" "server/udev"
[     7.335] (II) event5  - VirtualBox USB Tablet: is tagged by udev as: Mouse
[     7.335] (II) event5  - VirtualBox USB Tablet: device is a pointer
[     7.335] (II) event5  - VirtualBox USB Tablet: device removed
[     7.335] (**) Option "config_info" "udev:/sys/devices/pci0000:00/0000:00:06.0/usb1/1-1/1-1:1.0/0003:80EE:0021.0001/input/input6/event5"
[     7.335] (II) XINPUT: Adding extended input device "VirtualBox USB Tablet" (type: MOUSE, id 10)
[     7.335] (**) Option "AccelerationScheme" "none"
[     7.335] (**) VirtualBox USB Tablet: (accel) selected scheme none/0
[     7.335] (**) VirtualBox USB Tablet: (accel) acceleration factor: 2.000
[     7.335] (**) VirtualBox USB Tablet: (accel) acceleration threshold: 4
[     7.336] (II) event5  - VirtualBox USB Tablet: is tagged by udev as: Mouse
[     7.336] (II) event5  - VirtualBox USB Tablet: device is a pointer
[     7.336] (II) config/udev: Adding input device VirtualBox USB Tablet (/dev/input/js0)
[     7.336] (II) No input driver specified, ignoring this device.
[     7.336] (II) This device may have been added with another device file.
[     7.337] (II) config/udev: Adding input device VirtualBox USB Tablet (/dev/input/mouse1)
[     7.337] (II) No input driver specified, ignoring this device.
[     7.337] (II) This device may have been added with another device file.
[     7.337] (II) config/udev: Adding input device AT Translated Set 2 keyboard (/dev/input/event2)
[     7.337] (**) AT Translated Set 2 keyboard: Applying InputClass "libinput keyboard catchall"
[     7.337] (II) Using input driver 'libinput' for 'AT Translated Set 2 keyboard'
[     7.337] (II) systemd-logind: got fd for /dev/input/event2 13:66 fd 27 paused 0
[     7.337] (**) AT Translated Set 2 keyboard: always reports core events
[     7.337] (**) Option "Device" "/dev/input/event2"
[     7.337] (**) Option "_source" "server/udev"
[     7.338] (II) event2  - AT Translated Set 2 keyboard: is tagged by udev as: Keyboard
[     7.338] (II) event2  - AT Translated Set 2 keyboard: device is a keyboard
[     7.338] (II) event2  - AT Translated Set 2 keyboard: device removed
[     7.338] (**) Option "config_info" "udev:/sys/devices/platform/i8042/serio0/input/input2/event2"
[     7.338] (II) XINPUT: Adding extended input device "AT Translated Set 2 keyboard" (type: KEYBOARD, id 11)
[     7.338] (**) Option "xkb_model" "pc105"
[     7.338] (**) Option "xkb_layout" "kr"
[     7.338] (**) Option "xkb_variant" "kr104"
[     7.339] (II) event2  - AT Translated Set 2 keyboard: is tagged by udev as: Keyboard
[     7.339] (II) event2  - AT Translated Set 2 keyboard: device is a keyboard
[     7.339] (II) config/udev: Adding input device ImExPS/2 Generic Explorer Mouse (/dev/input/event4)
[     7.339] (**) ImExPS/2 Generic Explorer Mouse: Applying InputClass "libinput pointer catchall"
[     7.339] (II) Using input driver 'libinput' for 'ImExPS/2 Generic Explorer Mouse'
[     7.339] (II) systemd-logind: got fd for /dev/input/event4 13:68 fd 28 paused 0
[     7.339] (**) ImExPS/2 Generic Explorer Mouse: always reports core events
[     7.339] (**) Option "Device" "/dev/input/event4"
[     7.339] (**) Option "_source" "server/udev"
[     7.340] (II) event4  - ImExPS/2 Generic Explorer Mouse: is tagged by udev as: Mouse
[     7.340] (II) event4  - ImExPS/2 Generic Explorer Mouse: device is a pointer
[     7.340] (II) event4  - ImExPS/2 Generic Explorer Mouse: device removed
[     7.340] (**) Option "config_info" "udev:/sys/devices/platform/i8042/serio1/input/input5/event4"
[     7.340] (II) XINPUT: Adding extended input device "ImExPS/2 Generic Explorer Mouse" (type: MOUSE, id 12)
[     7.340] (**) Option "AccelerationScheme" "none"
[     7.340] (**) ImExPS/2 Generic Explorer Mouse: (accel) selected scheme none/0
[     7.340] (**) ImExPS/2 Generic Explorer Mouse: (accel) acceleration factor: 2.000
[     7.340] (**) ImExPS/2 Generic Explorer Mouse: (accel) acceleration threshold: 4
[     7.341] (II) event4  - ImExPS/2 Generic Explorer Mouse: is tagged by udev as: Mouse
[     7.341] (II) event4  - ImExPS/2 Generic Explorer Mouse: device is a pointer
[     7.341] (II) config/udev: Adding input device ImExPS/2 Generic Explorer Mouse (/dev/input/mouse0)
[     7.341] (II) No input driver specified, ignoring this device.
[     7.341] (II) This device may have been added with another device file.
[     7.448] (II) modeset(0): EDID vendor "VBX", prod id 0
[     7.448] (II) modeset(0): DDCModeFromDetailedTiming: 640x480 Warning: We only handle separate sync.
[     7.448] (II) modeset(0): Using EDID range info for horizontal sync
[     7.448] (II) modeset(0): Using EDID range info for vertical refresh
[     7.448] (II) modeset(0): EDID vendor "VBX", prod id 0
[     7.448] (II) modeset(0): DDCModeFromDetailedTiming: 640x480 Warning: We only handle separate sync.
[     7.448] (II) modeset(0): Using hsync ranges from config file
[     7.448] (II) modeset(0): Using vrefresh ranges from config file
[     7.821] (II) modeset(0): EDID vendor "VBX", prod id 0
[     7.821] (II) modeset(0): DDCModeFromDetailedTiming: 640x480 Warning: We only handle separate sync.
[     7.821] (II) modeset(0): Using hsync ranges from config file
[     7.821] (II) modeset(0): Using vrefresh ranges from config file
[    11.450] (II) modeset(0): EDID vendor "VBX", prod id 0
[    11.450] (II) modeset(0): DDCModeFromDetailedTiming: 640x480 Warning: We only handle separate sync.
[    11.450] (II) modeset(0): Using hsync ranges from config file
[    11.450] (II) modeset(0): Using vrefresh ranges from config file
[    11.464] (II) modeset(0): EDID vendor "VBX", prod id 0
[    11.464] (II) modeset(0): DDCModeFromDetailedTiming: 640x480 Warning: We only handle separate sync.
[    11.464] (II) modeset(0): Using hsync ranges from config file
[    11.464] (II) modeset(0): Using vrefresh ranges from config file
[    49.202] (II) config/udev: removing device VirtualBox USB Tablet
[    49.202] (**) Option "fd" "26"
[    49.202] (II) event5  - VirtualBox USB Tablet: device removed
[    49.203] (II) UnloadModule: "libinput"
[    49.203] (II) systemd-logind: releasing fd for 13:69
[    50.917] (II) config/udev: Adding input device VirtualBox USB Tablet (/dev/input/mouse1)
[    50.917] (II) No input driver specified, ignoring this device.
[    50.917] (II) This device may have been added with another device file.
[    50.917] (II) config/udev: Adding input device VirtualBox USB Tablet (/dev/input/js0)
[    50.917] (II) No input driver specified, ignoring this device.
[    50.917] (II) This device may have been added with another device file.
[    50.968] (II) config/udev: Adding input device VirtualBox USB Tablet (/dev/input/event5)
[    50.968] (**) VirtualBox USB Tablet: Applying InputClass "libinput pointer catchall"
[    50.968] (II) Using input driver 'libinput' for 'VirtualBox USB Tablet'
[    51.026] (II) systemd-logind: got fd for /dev/input/event5 13:69 fd 43 paused 0
[    51.026] (**) VirtualBox USB Tablet: always reports core events
[    51.026] (**) Option "Device" "/dev/input/event5"
[    51.026] (**) Option "_source" "server/udev"
[    51.027] (II) event5  - VirtualBox USB Tablet: is tagged by udev as: Mouse
[    51.027] (II) event5  - VirtualBox USB Tablet: device is a pointer
[    51.027] (II) event5  - VirtualBox USB Tablet: device removed
[    51.027] (**) Option "config_info" "udev:/sys/devices/pci0000:00/0000:00:06.0/usb1/1-1/1-1:1.0/0003:80EE:0021.0002/input/input8/event5"
[    51.027] (II) XINPUT: Adding extended input device "VirtualBox USB Tablet" (type: MOUSE, id 10)
[    51.027] (**) Option "AccelerationScheme" "none"
[    51.027] (**) VirtualBox USB Tablet: (accel) selected scheme none/0
[    51.027] (**) VirtualBox USB Tablet: (accel) acceleration factor: 2.000
[    51.027] (**) VirtualBox USB Tablet: (accel) acceleration threshold: 4
[    51.028] (II) event5  - VirtualBox USB Tablet: is tagged by udev as: Mouse
[    51.028] (II) event5  - VirtualBox USB Tablet: device is a pointer
